running egg_info
writing ../../build/my_demo_nodes_py/my_demo_nodes_py.egg-info/PKG-INFO
writing dependency_links to ../../build/my_demo_nodes_py/my_demo_nodes_py.egg-info/dependency_links.txt
writing entry points to ../../build/my_demo_nodes_py/my_demo_nodes_py.egg-info/entry_points.txt
writing requirements to ../../build/my_demo_nodes_py/my_demo_nodes_py.egg-info/requires.txt
writing top-level names to ../../build/my_demo_nodes_py/my_demo_nodes_py.egg-info/top_level.txt
reading manifest file '../../build/my_demo_nodes_py/my_demo_nodes_py.egg-info/SOURCES.txt'
writing manifest file '../../build/my_demo_nodes_py/my_demo_nodes_py.egg-info/SOURCES.txt'
running build
running build_py
running install
running install_lib
running install_data
running install_egg_info
removing '/home/pixxelee/Code/SAFMC/penugasan/install/my_demo_nodes_py/lib/python3.10/site-packages/my_demo_nodes_py-0.0.0-py3.10.egg-info' (and everything under it)
Copying ../../build/my_demo_nodes_py/my_demo_nodes_py.egg-info to /home/pixxelee/Code/SAFMC/penugasan/install/my_demo_nodes_py/lib/python3.10/site-packages/my_demo_nodes_py-0.0.0-py3.10.egg-info
running install_scripts
Installing simple_publisher script to /home/pixxelee/Code/SAFMC/penugasan/install/my_demo_nodes_py/lib/my_demo_nodes_py
Installing simple_subscriber script to /home/pixxelee/Code/SAFMC/penugasan/install/my_demo_nodes_py/lib/my_demo_nodes_py
writing list of installed files to '/home/pixxelee/Code/SAFMC/penugasan/build/my_demo_nodes_py/install.log'
