running egg_info
creating ../../build/my_demo_nodes_py/my_demo_nodes_py.egg-info
writing ../../build/my_demo_nodes_py/my_demo_nodes_py.egg-info/PKG-INFO
writing dependency_links to ../../build/my_demo_nodes_py/my_demo_nodes_py.egg-info/dependency_links.txt
writing entry points to ../../build/my_demo_nodes_py/my_demo_nodes_py.egg-info/entry_points.txt
writing requirements to ../../build/my_demo_nodes_py/my_demo_nodes_py.egg-info/requires.txt
writing top-level names to ../../build/my_demo_nodes_py/my_demo_nodes_py.egg-info/top_level.txt
writing manifest file '../../build/my_demo_nodes_py/my_demo_nodes_py.egg-info/SOURCES.txt'
reading manifest file '../../build/my_demo_nodes_py/my_demo_nodes_py.egg-info/SOURCES.txt'
writing manifest file '../../build/my_demo_nodes_py/my_demo_nodes_py.egg-info/SOURCES.txt'
running build
running build_py
creating /home/pixxelee/Code/SAFMC/penugasan/build/my_demo_nodes_py/build
creating /home/pixxelee/Code/SAFMC/penugasan/build/my_demo_nodes_py/build/lib
creating /home/pixxelee/Code/SAFMC/penugasan/build/my_demo_nodes_py/build/lib/my_demo_nodes_py
copying my_demo_nodes_py/simple_publisher.py -> /home/pixxelee/Code/SAFMC/penugasan/build/my_demo_nodes_py/build/lib/my_demo_nodes_py
copying my_demo_nodes_py/simple_subscriber.py -> /home/pixxelee/Code/SAFMC/penugasan/build/my_demo_nodes_py/build/lib/my_demo_nodes_py
copying my_demo_nodes_py/__init__.py -> /home/pixxelee/Code/SAFMC/penugasan/build/my_demo_nodes_py/build/lib/my_demo_nodes_py
running install
running install_lib
creating /home/pixxelee/Code/SAFMC/penugasan/install/my_demo_nodes_py/lib/python3.10/site-packages/my_demo_nodes_py
copying /home/pixxelee/Code/SAFMC/penugasan/build/my_demo_nodes_py/build/lib/my_demo_nodes_py/simple_publisher.py -> /home/pixxelee/Code/SAFMC/penugasan/install/my_demo_nodes_py/lib/python3.10/site-packages/my_demo_nodes_py
copying /home/pixxelee/Code/SAFMC/penugasan/build/my_demo_nodes_py/build/lib/my_demo_nodes_py/simple_subscriber.py -> /home/pixxelee/Code/SAFMC/penugasan/install/my_demo_nodes_py/lib/python3.10/site-packages/my_demo_nodes_py
copying /home/pixxelee/Code/SAFMC/penugasan/build/my_demo_nodes_py/build/lib/my_demo_nodes_py/__init__.py -> /home/pixxelee/Code/SAFMC/penugasan/install/my_demo_nodes_py/lib/python3.10/site-packages/my_demo_nodes_py
byte-compiling /home/pixxelee/Code/SAFMC/penugasan/install/my_demo_nodes_py/lib/python3.10/site-packages/my_demo_nodes_py/simple_publisher.py to simple_publisher.cpython-310.pyc
byte-compiling /home/pixxelee/Code/SAFMC/penugasan/install/my_demo_nodes_py/lib/python3.10/site-packages/my_demo_nodes_py/simple_subscriber.py to simple_subscriber.cpython-310.pyc
byte-compiling /home/pixxelee/Code/SAFMC/penugasan/install/my_demo_nodes_py/lib/python3.10/site-packages/my_demo_nodes_py/__init__.py to __init__.cpython-310.pyc
running install_data
creating /home/pixxelee/Code/SAFMC/penugasan/install/my_demo_nodes_py/share/ament_index
creating /home/pixxelee/Code/SAFMC/penugasan/install/my_demo_nodes_py/share/ament_index/resource_index
creating /home/pixxelee/Code/SAFMC/penugasan/install/my_demo_nodes_py/share/ament_index/resource_index/packages
copying resource/my_demo_nodes_py -> /home/pixxelee/Code/SAFMC/penugasan/install/my_demo_nodes_py/share/ament_index/resource_index/packages
copying package.xml -> /home/pixxelee/Code/SAFMC/penugasan/install/my_demo_nodes_py/share/my_demo_nodes_py
running install_egg_info
Copying ../../build/my_demo_nodes_py/my_demo_nodes_py.egg-info to /home/pixxelee/Code/SAFMC/penugasan/install/my_demo_nodes_py/lib/python3.10/site-packages/my_demo_nodes_py-0.0.0-py3.10.egg-info
running install_scripts
Installing simple_publisher script to /home/pixxelee/Code/SAFMC/penugasan/install/my_demo_nodes_py/lib/my_demo_nodes_py
Installing simple_subscriber script to /home/pixxelee/Code/SAFMC/penugasan/install/my_demo_nodes_py/lib/my_demo_nodes_py
writing list of installed files to '/home/pixxelee/Code/SAFMC/penugasan/build/my_demo_nodes_py/install.log'
