[0.493s] Invoking command in '/home/pixxelee/Code/SAFMC/penugasan/src/my_demo_nodes_py': PYTHONPATH=/home/pixxelee/Code/SAFMC/penugasan/build/my_demo_nodes_py/prefix_override:/usr/lib/python3/dist-packages/colcon_core/task/python/colcon_distutils_commands:/home/pixxelee/Code/SAFMC/penugasan/install/my_demo_nodes_py/lib/python3.10/site-packages:${PYTHONPATH} /usr/bin/python3 -W ignore:setup.py install is deprecated -W ignore:easy_install command is deprecated setup.py egg_info --egg-base ../../build/my_demo_nodes_py build --build-base /home/pixxelee/Code/SAFMC/penugasan/build/my_demo_nodes_py/build install --record /home/pixxelee/Code/SAFMC/penugasan/build/my_demo_nodes_py/install.log --single-version-externally-managed install_data
[0.673s] running egg_info
[0.673s] creating ../../build/my_demo_nodes_py/my_demo_nodes_py.egg-info
[0.673s] writing ../../build/my_demo_nodes_py/my_demo_nodes_py.egg-info/PKG-INFO
[0.673s] writing dependency_links to ../../build/my_demo_nodes_py/my_demo_nodes_py.egg-info/dependency_links.txt
[0.674s] writing entry points to ../../build/my_demo_nodes_py/my_demo_nodes_py.egg-info/entry_points.txt
[0.674s] writing requirements to ../../build/my_demo_nodes_py/my_demo_nodes_py.egg-info/requires.txt
[0.674s] writing top-level names to ../../build/my_demo_nodes_py/my_demo_nodes_py.egg-info/top_level.txt
[0.674s] writing manifest file '../../build/my_demo_nodes_py/my_demo_nodes_py.egg-info/SOURCES.txt'
[0.675s] reading manifest file '../../build/my_demo_nodes_py/my_demo_nodes_py.egg-info/SOURCES.txt'
[0.675s] writing manifest file '../../build/my_demo_nodes_py/my_demo_nodes_py.egg-info/SOURCES.txt'
[0.675s] running build
[0.675s] running build_py
[0.676s] creating /home/pixxelee/Code/SAFMC/penugasan/build/my_demo_nodes_py/build
[0.676s] creating /home/pixxelee/Code/SAFMC/penugasan/build/my_demo_nodes_py/build/lib
[0.676s] creating /home/pixxelee/Code/SAFMC/penugasan/build/my_demo_nodes_py/build/lib/my_demo_nodes_py
[0.676s] copying my_demo_nodes_py/simple_publisher.py -> /home/pixxelee/Code/SAFMC/penugasan/build/my_demo_nodes_py/build/lib/my_demo_nodes_py
[0.676s] copying my_demo_nodes_py/simple_subscriber.py -> /home/pixxelee/Code/SAFMC/penugasan/build/my_demo_nodes_py/build/lib/my_demo_nodes_py
[0.676s] copying my_demo_nodes_py/__init__.py -> /home/pixxelee/Code/SAFMC/penugasan/build/my_demo_nodes_py/build/lib/my_demo_nodes_py
[0.676s] running install
[0.676s] running install_lib
[0.677s] creating /home/pixxelee/Code/SAFMC/penugasan/install/my_demo_nodes_py/lib/python3.10/site-packages/my_demo_nodes_py
[0.677s] copying /home/pixxelee/Code/SAFMC/penugasan/build/my_demo_nodes_py/build/lib/my_demo_nodes_py/simple_publisher.py -> /home/pixxelee/Code/SAFMC/penugasan/install/my_demo_nodes_py/lib/python3.10/site-packages/my_demo_nodes_py
[0.677s] copying /home/pixxelee/Code/SAFMC/penugasan/build/my_demo_nodes_py/build/lib/my_demo_nodes_py/simple_subscriber.py -> /home/pixxelee/Code/SAFMC/penugasan/install/my_demo_nodes_py/lib/python3.10/site-packages/my_demo_nodes_py
[0.677s] copying /home/pixxelee/Code/SAFMC/penugasan/build/my_demo_nodes_py/build/lib/my_demo_nodes_py/__init__.py -> /home/pixxelee/Code/SAFMC/penugasan/install/my_demo_nodes_py/lib/python3.10/site-packages/my_demo_nodes_py
[0.677s] byte-compiling /home/pixxelee/Code/SAFMC/penugasan/install/my_demo_nodes_py/lib/python3.10/site-packages/my_demo_nodes_py/simple_publisher.py to simple_publisher.cpython-310.pyc
[0.678s] byte-compiling /home/pixxelee/Code/SAFMC/penugasan/install/my_demo_nodes_py/lib/python3.10/site-packages/my_demo_nodes_py/simple_subscriber.py to simple_subscriber.cpython-310.pyc
[0.678s] byte-compiling /home/pixxelee/Code/SAFMC/penugasan/install/my_demo_nodes_py/lib/python3.10/site-packages/my_demo_nodes_py/__init__.py to __init__.cpython-310.pyc
[0.678s] running install_data
[0.678s] creating /home/pixxelee/Code/SAFMC/penugasan/install/my_demo_nodes_py/share/ament_index
[0.678s] creating /home/pixxelee/Code/SAFMC/penugasan/install/my_demo_nodes_py/share/ament_index/resource_index
[0.678s] creating /home/pixxelee/Code/SAFMC/penugasan/install/my_demo_nodes_py/share/ament_index/resource_index/packages
[0.678s] copying resource/my_demo_nodes_py -> /home/pixxelee/Code/SAFMC/penugasan/install/my_demo_nodes_py/share/ament_index/resource_index/packages
[0.678s] copying package.xml -> /home/pixxelee/Code/SAFMC/penugasan/install/my_demo_nodes_py/share/my_demo_nodes_py
[0.678s] running install_egg_info
[0.680s] Copying ../../build/my_demo_nodes_py/my_demo_nodes_py.egg-info to /home/pixxelee/Code/SAFMC/penugasan/install/my_demo_nodes_py/lib/python3.10/site-packages/my_demo_nodes_py-0.0.0-py3.10.egg-info
[0.680s] running install_scripts
[0.695s] Installing simple_publisher script to /home/pixxelee/Code/SAFMC/penugasan/install/my_demo_nodes_py/lib/my_demo_nodes_py
[0.695s] Installing simple_subscriber script to /home/pixxelee/Code/SAFMC/penugasan/install/my_demo_nodes_py/lib/my_demo_nodes_py
[0.695s] writing list of installed files to '/home/pixxelee/Code/SAFMC/penugasan/build/my_demo_nodes_py/install.log'
[0.715s] Invoked command in '/home/pixxelee/Code/SAFMC/penugasan/src/my_demo_nodes_py' returned '0': PYTHONPATH=/home/pixxelee/Code/SAFMC/penugasan/build/my_demo_nodes_py/prefix_override:/usr/lib/python3/dist-packages/colcon_core/task/python/colcon_distutils_commands:/home/pixxelee/Code/SAFMC/penugasan/install/my_demo_nodes_py/lib/python3.10/site-packages:${PYTHONPATH} /usr/bin/python3 -W ignore:setup.py install is deprecated -W ignore:easy_install command is deprecated setup.py egg_info --egg-base ../../build/my_demo_nodes_py build --build-base /home/pixxelee/Code/SAFMC/penugasan/build/my_demo_nodes_py/build install --record /home/pixxelee/Code/SAFMC/penugasan/build/my_demo_nodes_py/install.log --single-version-externally-managed install_data
