[0.485s] Invoking command in '/home/pixxelee/Code/SAFMC/penugasan/src/my_demo_nodes_py': PYTHONPATH=/home/pixxelee/Code/SAFMC/penugasan/build/my_demo_nodes_py/prefix_override:/usr/lib/python3/dist-packages/colcon_core/task/python/colcon_distutils_commands:/home/pixxelee/Code/SAFMC/penugasan/install/my_demo_nodes_py/lib/python3.10/site-packages:${PYTHONPATH} /usr/bin/python3 -W ignore:setup.py install is deprecated -W ignore:easy_install command is deprecated setup.py egg_info --egg-base ../../build/my_demo_nodes_py build --build-base /home/pixxelee/Code/SAFMC/penugasan/build/my_demo_nodes_py/build install --record /home/pixxelee/Code/SAFMC/penugasan/build/my_demo_nodes_py/install.log --single-version-externally-managed install_data
[0.672s] running egg_info
[0.672s] writing ../../build/my_demo_nodes_py/my_demo_nodes_py.egg-info/PKG-INFO
[0.672s] writing dependency_links to ../../build/my_demo_nodes_py/my_demo_nodes_py.egg-info/dependency_links.txt
[0.673s] writing entry points to ../../build/my_demo_nodes_py/my_demo_nodes_py.egg-info/entry_points.txt
[0.673s] writing requirements to ../../build/my_demo_nodes_py/my_demo_nodes_py.egg-info/requires.txt
[0.673s] writing top-level names to ../../build/my_demo_nodes_py/my_demo_nodes_py.egg-info/top_level.txt
[0.674s] reading manifest file '../../build/my_demo_nodes_py/my_demo_nodes_py.egg-info/SOURCES.txt'
[0.675s] writing manifest file '../../build/my_demo_nodes_py/my_demo_nodes_py.egg-info/SOURCES.txt'
[0.675s] running build
[0.675s] running build_py
[0.675s] copying my_demo_nodes_py/subscriber.py -> /home/pixxelee/Code/SAFMC/penugasan/build/my_demo_nodes_py/build/lib/my_demo_nodes_py
[0.675s] copying my_demo_nodes_py/publisher.py -> /home/pixxelee/Code/SAFMC/penugasan/build/my_demo_nodes_py/build/lib/my_demo_nodes_py
[0.675s] running install
[0.676s] running install_lib
[0.676s] copying /home/pixxelee/Code/SAFMC/penugasan/build/my_demo_nodes_py/build/lib/my_demo_nodes_py/subscriber.py -> /home/pixxelee/Code/SAFMC/penugasan/install/my_demo_nodes_py/lib/python3.10/site-packages/my_demo_nodes_py
[0.676s] copying /home/pixxelee/Code/SAFMC/penugasan/build/my_demo_nodes_py/build/lib/my_demo_nodes_py/publisher.py -> /home/pixxelee/Code/SAFMC/penugasan/install/my_demo_nodes_py/lib/python3.10/site-packages/my_demo_nodes_py
[0.677s] byte-compiling /home/pixxelee/Code/SAFMC/penugasan/install/my_demo_nodes_py/lib/python3.10/site-packages/my_demo_nodes_py/subscriber.py to subscriber.cpython-310.pyc
[0.677s] byte-compiling /home/pixxelee/Code/SAFMC/penugasan/install/my_demo_nodes_py/lib/python3.10/site-packages/my_demo_nodes_py/publisher.py to publisher.cpython-310.pyc
[0.677s] running install_data
[0.677s] running install_egg_info
[0.679s] removing '/home/pixxelee/Code/SAFMC/penugasan/install/my_demo_nodes_py/lib/python3.10/site-packages/my_demo_nodes_py-0.0.0-py3.10.egg-info' (and everything under it)
[0.679s] Copying ../../build/my_demo_nodes_py/my_demo_nodes_py.egg-info to /home/pixxelee/Code/SAFMC/penugasan/install/my_demo_nodes_py/lib/python3.10/site-packages/my_demo_nodes_py-0.0.0-py3.10.egg-info
[0.680s] running install_scripts
[0.696s] Installing simple_publisher script to /home/pixxelee/Code/SAFMC/penugasan/install/my_demo_nodes_py/lib/my_demo_nodes_py
[0.696s] Installing simple_subscriber script to /home/pixxelee/Code/SAFMC/penugasan/install/my_demo_nodes_py/lib/my_demo_nodes_py
[0.696s] writing list of installed files to '/home/pixxelee/Code/SAFMC/penugasan/build/my_demo_nodes_py/install.log'
[0.726s] Invoked command in '/home/pixxelee/Code/SAFMC/penugasan/src/my_demo_nodes_py' returned '0': PYTHONPATH=/home/pixxelee/Code/SAFMC/penugasan/build/my_demo_nodes_py/prefix_override:/usr/lib/python3/dist-packages/colcon_core/task/python/colcon_distutils_commands:/home/pixxelee/Code/SAFMC/penugasan/install/my_demo_nodes_py/lib/python3.10/site-packages:${PYTHONPATH} /usr/bin/python3 -W ignore:setup.py install is deprecated -W ignore:easy_install command is deprecated setup.py egg_info --egg-base ../../build/my_demo_nodes_py build --build-base /home/pixxelee/Code/SAFMC/penugasan/build/my_demo_nodes_py/build install --record /home/pixxelee/Code/SAFMC/penugasan/build/my_demo_nodes_py/install.log --single-version-externally-managed install_data
