[0.496s] Invoking command in '/home/pixxelee/Code/SAFMC/penugasan/src/my_demo_nodes_py': PYTHONPATH=/home/pixxelee/Code/SAFMC/penugasan/build/my_demo_nodes_py/prefix_override:/usr/lib/python3/dist-packages/colcon_core/task/python/colcon_distutils_commands:/home/pixxelee/Code/SAFMC/penugasan/install/my_demo_nodes_py/lib/python3.10/site-packages:${PYTHONPATH} /usr/bin/python3 -W ignore:setup.py install is deprecated -W ignore:easy_install command is deprecated setup.py egg_info --egg-base ../../build/my_demo_nodes_py build --build-base /home/pixxelee/Code/SAFMC/penugasan/build/my_demo_nodes_py/build install --record /home/pixxelee/Code/SAFMC/penugasan/build/my_demo_nodes_py/install.log --single-version-externally-managed install_data
[0.681s] running egg_info
[0.681s] writing ../../build/my_demo_nodes_py/my_demo_nodes_py.egg-info/PKG-INFO
[0.681s] writing dependency_links to ../../build/my_demo_nodes_py/my_demo_nodes_py.egg-info/dependency_links.txt
[0.681s] writing entry points to ../../build/my_demo_nodes_py/my_demo_nodes_py.egg-info/entry_points.txt
[0.681s] writing requirements to ../../build/my_demo_nodes_py/my_demo_nodes_py.egg-info/requires.txt
[0.681s] writing top-level names to ../../build/my_demo_nodes_py/my_demo_nodes_py.egg-info/top_level.txt
[0.683s] reading manifest file '../../build/my_demo_nodes_py/my_demo_nodes_py.egg-info/SOURCES.txt'
[0.683s] writing manifest file '../../build/my_demo_nodes_py/my_demo_nodes_py.egg-info/SOURCES.txt'
[0.684s] running build
[0.684s] running build_py
[0.684s] copying my_demo_nodes_py/simple_publisher.py -> /home/pixxelee/Code/SAFMC/penugasan/build/my_demo_nodes_py/build/lib/my_demo_nodes_py
[0.684s] copying my_demo_nodes_py/simple_subscriber.py -> /home/pixxelee/Code/SAFMC/penugasan/build/my_demo_nodes_py/build/lib/my_demo_nodes_py
[0.684s] running install
[0.684s] running install_lib
[0.685s] copying /home/pixxelee/Code/SAFMC/penugasan/build/my_demo_nodes_py/build/lib/my_demo_nodes_py/simple_publisher.py -> /home/pixxelee/Code/SAFMC/penugasan/install/my_demo_nodes_py/lib/python3.10/site-packages/my_demo_nodes_py
[0.685s] copying /home/pixxelee/Code/SAFMC/penugasan/build/my_demo_nodes_py/build/lib/my_demo_nodes_py/simple_subscriber.py -> /home/pixxelee/Code/SAFMC/penugasan/install/my_demo_nodes_py/lib/python3.10/site-packages/my_demo_nodes_py
[0.686s] byte-compiling /home/pixxelee/Code/SAFMC/penugasan/install/my_demo_nodes_py/lib/python3.10/site-packages/my_demo_nodes_py/simple_publisher.py to simple_publisher.cpython-310.pyc
[0.686s] byte-compiling /home/pixxelee/Code/SAFMC/penugasan/install/my_demo_nodes_py/lib/python3.10/site-packages/my_demo_nodes_py/simple_subscriber.py to simple_subscriber.cpython-310.pyc
[0.686s] running install_data
[0.687s] running install_egg_info
[0.688s] removing '/home/pixxelee/Code/SAFMC/penugasan/install/my_demo_nodes_py/lib/python3.10/site-packages/my_demo_nodes_py-0.0.0-py3.10.egg-info' (and everything under it)
[0.688s] Copying ../../build/my_demo_nodes_py/my_demo_nodes_py.egg-info to /home/pixxelee/Code/SAFMC/penugasan/install/my_demo_nodes_py/lib/python3.10/site-packages/my_demo_nodes_py-0.0.0-py3.10.egg-info
[0.689s] running install_scripts
[0.705s] Installing simple_publisher script to /home/pixxelee/Code/SAFMC/penugasan/install/my_demo_nodes_py/lib/my_demo_nodes_py
[0.705s] Installing simple_subscriber script to /home/pixxelee/Code/SAFMC/penugasan/install/my_demo_nodes_py/lib/my_demo_nodes_py
[0.705s] writing list of installed files to '/home/pixxelee/Code/SAFMC/penugasan/build/my_demo_nodes_py/install.log'
[0.738s] Invoked command in '/home/pixxelee/Code/SAFMC/penugasan/src/my_demo_nodes_py' returned '0': PYTHONPATH=/home/pixxelee/Code/SAFMC/penugasan/build/my_demo_nodes_py/prefix_override:/usr/lib/python3/dist-packages/colcon_core/task/python/colcon_distutils_commands:/home/pixxelee/Code/SAFMC/penugasan/install/my_demo_nodes_py/lib/python3.10/site-packages:${PYTHONPATH} /usr/bin/python3 -W ignore:setup.py install is deprecated -W ignore:easy_install command is deprecated setup.py egg_info --egg-base ../../build/my_demo_nodes_py build --build-base /home/pixxelee/Code/SAFMC/penugasan/build/my_demo_nodes_py/build install --record /home/pixxelee/Code/SAFMC/penugasan/build/my_demo_nodes_py/install.log --single-version-externally-managed install_data
